#
# There is insufficient memory for the Java Runtime Environment to continue.
# Native memory allocation (malloc) failed to allocate 1048576 bytes for AllocateHeap
# Possible reasons:
#   The system is out of physical RAM or swap space
#   In 32 bit mode, the process size limit was hit
# Possible solutions:
#   Reduce memory load on the system
#   Increase physical memory or swap space
#   Check if swap backing store is full
#   Use 64 bit Java on a 64 bit OS
#   Decrease Java heap size (-Xmx/-Xms)
#   Decrease number of Java threads
#   Decrease Java thread stack sizes (-Xss)
#   Set larger code cache with -XX:ReservedCodeCacheSize=
# This output file may be truncated or incomplete.
#
#  Out of Memory Error (memory/allocation.inline.hpp:61), pid=20956, tid=0x00000000000046a4
#
# JRE version:  (8.0_181-b13) (build )
# Java VM: Java HotSpot(TM) 64-Bit Server VM (25.181-b13 mixed mode windows-amd64 compressed oops)
# Failed to write core dump. Minidumps are not enabled by default on client versions of Windows
#

---------------  T H R E A D  ---------------

Current thread (0x0000000002e23800):  JavaThread "Unknown thread" [_thread_in_vm, id=18084, stack(0x0000000002b70000,0x0000000002c70000)]

Stack: [0x0000000002b70000,0x0000000002c70000]
[error occurred during error reporting (printing stack bounds), id 0xc0000005]

Native frames: (J=compiled Java code, j=interpreted, Vv=VM code, C=native code)


---------------  P R O C E S S  ---------------

Java Threads: ( => current thread )

Other Threads:

=>0x0000000002e23800 (exited) JavaThread "Unknown thread" [_thread_in_vm, id=18084, stack(0x0000000002b70000,0x0000000002c70000)]

VM state:not at safepoint (normal execution)

VM Mutex/Monitor currently owned by a thread: None

Heap:
 PSYoungGen      total 18944K, used 327K [0x00000000eb400000, 0x00000000ec900000, 0x0000000100000000)
  eden space 16384K, 2% used [0x00000000eb400000,0x00000000eb451ec8,0x00000000ec400000)
  from space 2560K, 0% used [0x00000000ec680000,0x00000000ec680000,0x00000000ec900000)
  to   space 2560K, 0% used [0x00000000ec400000,0x00000000ec400000,0x00000000ec680000)
 ParOldGen       total 44032K, used 0K [0x00000000c1c00000, 0x00000000c4700000, 0x00000000eb400000)
  object space 44032K, 0% used [0x00000000c1c00000,0x00000000c1c00000,0x00000000c4700000)
 Metaspace       used 775K, capacity 4480K, committed 4480K, reserved 1056768K
  class space    used 76K, capacity 384K, committed 384K, reserved 1048576K

Card table byte_map: [0x00000000122e0000,0x00000000124e0000] byte_map_base: 0x0000000011cd2000

Marking Bits: (ParMarkBitMap*) 0x00000000652c2d00
 Begin Bits: [0x0000000012e30000, 0x0000000013dc0000)
 End Bits:   [0x0000000013dc0000, 0x0000000014d50000)

Polling page: 0x0000000000de0000

CodeCache: size=245760Kb used=328Kb max_used=328Kb free=245431Kb
 bounds [0x0000000002f20000, 0x0000000003190000, 0x0000000011f20000]
 total_blobs=58 nmethods=0 adapters=38
 compilation: enabled

Compilation events (0 events):
No events

GC Heap History (0 events):
No events

Deoptimization events (0 events):
No events

Classes redefined (0 events):
No events

Internal exceptions (0 events):
No events

Events (10 events):
Event: 0.069 loading class java/lang/Short
Event: 0.069 loading class java/lang/Short done
Event: 0.069 loading class java/lang/Integer
Event: 0.069 loading class java/lang/Integer done
Event: 0.069 loading class java/lang/Long
Event: 0.070 loading class java/lang/Long done
Event: 0.071 loading class java/lang/NullPointerException
Event: 0.071 loading class java/lang/NullPointerException done
Event: 0.071 loading class java/lang/ArithmeticException
Event: 0.071 loading class java/lang/ArithmeticException done


Dynamic libraries:
0x00007ff7eea80000 - 0x00007ff7eeab7000 	C:\Program Files\Java\jdk1.8.0_181\bin\java.exe
0x00007ffc06800000 - 0x00007ffc069e1000 	C:\WINDOWS\SYSTEM32\ntdll.dll
0x00007ffc04010000 - 0x00007ffc040c2000 	C:\WINDOWS\System32\KERNEL32.DLL
0x00007ffc035b0000 - 0x00007ffc03823000 	C:\WINDOWS\System32\KERNELBASE.dll
0x00007ffc061f0000 - 0x00007ffc06291000 	C:\WINDOWS\System32\ADVAPI32.dll
0x00007ffc06730000 - 0x00007ffc067ce000 	C:\WINDOWS\System32\msvcrt.dll
0x00007ffc045f0000 - 0x00007ffc0464b000 	C:\WINDOWS\System32\sechost.dll
0x00007ffc04680000 - 0x00007ffc047a4000 	C:\WINDOWS\System32\RPCRT4.dll
0x00007ffc047d0000 - 0x00007ffc04960000 	C:\WINDOWS\System32\USER32.dll
0x00007ffc03830000 - 0x00007ffc03850000 	C:\WINDOWS\System32\win32u.dll
0x00007ffc040d0000 - 0x00007ffc040f8000 	C:\WINDOWS\System32\GDI32.dll
0x00007ffc03af0000 - 0x00007ffc03c82000 	C:\WINDOWS\System32\gdi32full.dll
0x00007ffc03950000 - 0x00007ffc039ef000 	C:\WINDOWS\System32\msvcp_win.dll
0x00007ffc03850000 - 0x00007ffc0394a000 	C:\WINDOWS\System32\ucrtbase.dll
0x00007ffbf4ae0000 - 0x00007ffbf4d49000 	C:\WINDOWS\WinSxS\amd64_microsoft.windows.common-controls_6595b64144ccf1df_6.0.17134.407_none_fb449d63306391e9\COMCTL32.dll
0x00007ffc062a0000 - 0x00007ffc065c2000 	C:\WINDOWS\System32\combase.dll
0x00007ffc02bd0000 - 0x00007ffc02c4a000 	C:\WINDOWS\System32\bcryptPrimitives.dll
0x00007ffc04650000 - 0x00007ffc0467d000 	C:\WINDOWS\System32\IMM32.DLL
0x0000000065350000 - 0x0000000065422000 	C:\Program Files\Java\jdk1.8.0_181\jre\bin\msvcr100.dll
0x0000000064aa0000 - 0x0000000065342000 	C:\Program Files\Java\jdk1.8.0_181\jre\bin\server\jvm.dll
0x00007ffc03c90000 - 0x00007ffc03c98000 	C:\WINDOWS\System32\PSAPI.DLL
0x00007ffbf9c20000 - 0x00007ffbf9c2a000 	C:\WINDOWS\SYSTEM32\VERSION.dll
0x00007ffc003e0000 - 0x00007ffc00403000 	C:\WINDOWS\SYSTEM32\WINMM.dll
0x00007ffbf3630000 - 0x00007ffbf3639000 	C:\WINDOWS\SYSTEM32\WSOCK32.dll
0x00007ffc04580000 - 0x00007ffc045ec000 	C:\WINDOWS\System32\WS2_32.dll
0x00007ffbfff70000 - 0x00007ffbfff9a000 	C:\WINDOWS\SYSTEM32\winmmbase.dll
0x00007ffc03aa0000 - 0x00007ffc03ae9000 	C:\WINDOWS\System32\cfgmgr32.dll
0x0000000064a90000 - 0x0000000064a9f000 	C:\Program Files\Java\jdk1.8.0_181\jre\bin\verify.dll
0x0000000064a60000 - 0x0000000064a89000 	C:\Program Files\Java\jdk1.8.0_181\jre\bin\java.dll
0x0000000064a30000 - 0x0000000064a53000 	C:\Program Files\Java\jdk1.8.0_181\jre\bin\instrument.dll
0x0000000064a10000 - 0x0000000064a26000 	C:\Program Files\Java\jdk1.8.0_181\jre\bin\zip.dll

VM Arguments:
jvm_args: -Dmaven.multiModuleProjectDirectory=C:\Users\Alexsandra\IdeaProjects\sd-4\be -Dmaven.home=C:\Program Files\JetBrains\IntelliJ IDEA 2018.2.5\plugins\maven\lib\maven3 -Dclassworlds.conf=C:\Program Files\JetBrains\IntelliJ IDEA 2018.2.5\plugins\maven\lib\maven3\bin\m2.conf -javaagent:C:\Program Files\JetBrains\IntelliJ IDEA 2018.2.5\lib\idea_rt.jar=18864:C:\Program Files\JetBrains\IntelliJ IDEA 2018.2.5\bin -Dfile.encoding=UTF-8 
java_command: org.codehaus.classworlds.Launcher -Didea.version=2018.2.5 clean install
java_class_path (initial): C:\Program Files\JetBrains\IntelliJ IDEA 2018.2.5\plugins\maven\lib\maven3\boot\plexus-classworlds-2.5.2.jar;C:\Program Files\JetBrains\IntelliJ IDEA 2018.2.5\lib\idea_rt.jar
Launcher Type: SUN_STANDARD

Environment Variables:
PATH=C:\Program Files (x86)\Common Files\Oracle\Java\javapath;c:\Program Files\Microsoft MPI\Bin\;C:\ProgramData\Oracle\Java\javapath;C:\WINDOWS\system32;C:\WINDOWS;C:\WINDOWS\System32\Wbem;C:\WINDOWS\System32\WindowsPowerShell\v1.0\;C:\Program Files\Microsoft SQL Server\130\Tools\Binn\;C:\Program Files (x86)\Windows Kits\10\Windows Performance Toolkit\;C:\Program Files (x86)\Microsoft SDKs\TypeScript\1.0\;C:\Program Files\Microsoft SQL Server\120\Tools\Binn\;C:\Program Files\MySQL\MySQL Server 5.5\bin;C:\WINDOWS\System32\OpenSSH\;C:\WINDOWS\system32\config\systemprofile\.dnx\bin;C:\Program Files\Microsoft DNX\Dnvm\;C:\Program Files (x86)\Microsoft SQL Server\140\Tools\Binn\;C:\Program Files (x86)\Microsoft SQL Server\140\DTS\Binn\;C:\Program Files (x86)\Microsoft SQL Server\Client SDK\ODBC\130\Tools\Binn\;C:\Program Files (x86)\Microsoft SQL Server\140\Tools\Binn\ManagementStudio\;C:\Program Files\Microsoft SQL Server\140\Tools\Binn\;C:\Program Files\Microsoft SQL Server\140\DTS\Binn\;C:\Program Files\Microsoft SQL Server\Client SDK\ODBC\130\Tools\Binn\;C:\Program Files\Git\cmd;C:\Program Files\nodejs\;C:\Users\Alexsandra\AppData\Local\Programs\Python\Python37-32\Scripts\;C:\Users\Alexsandra\AppData\Local\Programs\Python\Python37-32\;C:\Users\Alexsandra\AppData\Local\Programs\Python\Python36-32\Scripts\;C:\Users\Alexsandra\AppData\Local\Programs\Python\Python36-32\;C:\Users\Alexsandra\AppData\Local\Programs\Python\Python35-32\Scripts\;C:\Users\Alexsandra\AppData\Local\Programs\Python\Python35-32\;C:\Python34;C:\Python27;C:\Program Files (x86)\Java\jdk1.8.0_141;C:\Program Files (x86)\Java\jdk1.8.0_141\bin;C:\tomcat;C:\Users\Alexsandra\AppData\Local\Microsoft\WindowsApps;C:\Program Files\apache-maven-3.5.4/bin;C:\Program Files\apache-maven-3.5.4;C:\Users\Alexsandra\AppData\Roaming\npm;C:\Users\Alexsandra\AppData\Local\Programs\Microsoft VS Code\bin
USERNAME=Alexsandra
OS=Windows_NT
PROCESSOR_IDENTIFIER=Intel64 Family 6 Model 158 Stepping 9, GenuineIntel



---------------  S Y S T E M  ---------------

OS: Windows 10.0 , 64 bit Build 17134 (10.0.17134.1)

CPU:total 8 (initial active 8) (4 cores per cpu, 2 threads per core) family 6 model 158 stepping 9, cmov, cx8, fxsr, mmx, sse, sse2, sse3, ssse3, sse4.1, sse4.2, popcnt, avx, avx2, aes, clmul, erms, 3dnowpref, lzcnt, ht, tsc, tscinvbit, bmi1, bmi2, adx

Memory: 4k page, physical 4072536k(411336k free), swap 13778364k(5756k free)

vm_info: Java HotSpot(TM) 64-Bit Server VM (25.181-b13) for windows-amd64 JRE (1.8.0_181-b13), built on Jul  7 2018 04:01:33 by "java_re" with MS VC++ 10.0 (VS2010)

time: Thu Nov 22 20:22:03 2018
elapsed time: 0 seconds (0d 0h 0m 0s)

